<?xml version="1.0" encoding="UTF-8"?>
<coverage generated="1742245445877" clover="3.2.0">
  <project timestamp="1742245445877" name="All files">
    <metrics statements="37" coveredstatements="37" conditionals="14" coveredconditionals="14" methods="4" coveredmethods="4" elements="55" coveredelements="55" complexity="0" loc="37" ncloc="37" packages="1" files="1" classes="1"/>
    <file name="evaluate-wins-any-ways-left-to-right.js" path="C:\git\avatar\spintest\src\backends\evaluate-wins-any-ways-left-to-right.js">
      <metrics statements="37" coveredstatements="37" conditionals="14" coveredconditionals="14" methods="4" coveredmethods="4"/>
      <line num="2" count="1" type="stmt"/>
      <line num="6" count="180" type="stmt"/>
      <line num="7" count="180" type="stmt"/>
      <line num="8" count="180" type="stmt"/>
      <line num="9" count="180" type="stmt"/>
      <line num="11" count="180" type="stmt"/>
      <line num="12" count="900" type="stmt"/>
      <line num="13" count="900" type="stmt"/>
      <line num="15" count="900" type="cond" truecount="2" falsecount="0"/>
      <line num="17" count="310" type="stmt"/>
      <line num="18" count="930" type="stmt"/>
      <line num="19" count="930" type="cond" truecount="2" falsecount="0"/>
      <line num="20" count="207" type="stmt"/>
      <line num="24" count="310" type="cond" truecount="2" falsecount="0"/>
      <line num="26" count="165" type="stmt"/>
      <line num="27" count="165" type="stmt"/>
      <line num="30" count="145" type="cond" truecount="2" falsecount="0"/>
      <line num="31" count="54" type="stmt"/>
      <line num="33" count="91" type="stmt"/>
      <line num="35" count="145" type="stmt"/>
      <line num="40" count="590" type="stmt"/>
      <line num="42" count="900" type="stmt"/>
      <line num="45" count="180" type="stmt"/>
      <line num="57" count="30" type="stmt"/>
      <line num="59" count="30" type="stmt"/>
      <line num="62" count="210" type="cond" truecount="2" falsecount="0"/>
      <line num="63" count="180" type="stmt"/>
      <line num="64" count="180" type="stmt"/>
      <line num="66" count="180" type="cond" truecount="2" falsecount="0"/>
      <line num="67" count="54" type="stmt"/>
      <line num="68" count="54" type="stmt"/>
      <line num="70" count="54" type="cond" truecount="2" falsecount="0"/>
      <line num="71" count="26" type="stmt"/>
      <line num="72" count="26" type="stmt"/>
      <line num="73" count="26" type="stmt"/>
      <line num="79" count="30" type="stmt"/>
      <line num="83" count="1" type="stmt"/>
    </file>
  </project>
</coverage>
