{"C:\\git\\avatar\\spintest\\src\\backends\\evaluate-wins-any-ways-left-to-right.js": {"path":"C:\\git\\avatar\\spintest\\src\\backends\\evaluate-wins-any-ways-left-to-right.js","statementMap":{"0":{"start":{"line":2,"column":19},"end":{"line":2,"column":49}},"1":{"start":{"line":6,"column":20},"end":{"line":6,"column":22}},"2":{"start":{"line":7,"column":18},"end":{"line":7,"column":19}},"3":{"start":{"line":8,"column":20},"end":{"line":8,"column":21}},"4":{"start":{"line":9,"column":23},"end":{"line":9,"column":27}},"5":{"start":{"line":11,"column":4},"end":{"line":43,"column":7}},"6":{"start":{"line":12,"column":19},"end":{"line":12,"column":20}},"7":{"start":{"line":13,"column":19},"end":{"line":13,"column":21}},"8":{"start":{"line":15,"column":8},"end":{"line":41,"column":9}},"9":{"start":{"line":17,"column":12},"end":{"line":22,"column":15}},"10":{"start":{"line":18,"column":16},"end":{"line":18,"column":48}},"11":{"start":{"line":19,"column":16},"end":{"line":21,"column":17}},"12":{"start":{"line":20,"column":20},"end":{"line":20,"column":27}},"13":{"start":{"line":24,"column":12},"end":{"line":37,"column":13}},"14":{"start":{"line":26,"column":16},"end":{"line":26,"column":30}},"15":{"start":{"line":27,"column":16},"end":{"line":27,"column":37}},"16":{"start":{"line":30,"column":16},"end":{"line":34,"column":17}},"17":{"start":{"line":31,"column":20},"end":{"line":31,"column":35}},"18":{"start":{"line":33,"column":20},"end":{"line":33,"column":36}},"19":{"start":{"line":35,"column":16},"end":{"line":35,"column":28}},"20":{"start":{"line":40,"column":12},"end":{"line":40,"column":58}},"21":{"start":{"line":42,"column":8},"end":{"line":42,"column":28}},"22":{"start":{"line":45,"column":4},"end":{"line":52,"column":6}},"23":{"start":{"line":57,"column":17},"end":{"line":57,"column":19}},"24":{"start":{"line":59,"column":4},"end":{"line":77,"column":5}},"25":{"start":{"line":62,"column":8},"end":{"line":76,"column":9}},"26":{"start":{"line":63,"column":29},"end":{"line":63,"column":43}},"27":{"start":{"line":64,"column":24},"end":{"line":64,"column":58}},"28":{"start":{"line":66,"column":12},"end":{"line":75,"column":13}},"29":{"start":{"line":67,"column":33},"end":{"line":67,"column":58}},"30":{"start":{"line":68,"column":35},"end":{"line":68,"column":60}},"31":{"start":{"line":70,"column":16},"end":{"line":74,"column":17}},"32":{"start":{"line":71,"column":20},"end":{"line":71,"column":58}},"33":{"start":{"line":72,"column":20},"end":{"line":72,"column":63}},"34":{"start":{"line":73,"column":20},"end":{"line":73,"column":36}},"35":{"start":{"line":79,"column":4},"end":{"line":79,"column":16}},"36":{"start":{"line":83,"column":0},"end":{"line":83,"column":48}}},"fnMap":{"0":{"name":"findSymbolWin","decl":{"start":{"line":5,"column":9},"end":{"line":5,"column":22}},"loc":{"start":{"line":5,"column":42},"end":{"line":53,"column":1}},"line":5},"1":{"name":"(anonymous_1)","decl":{"start":{"line":11,"column":22},"end":{"line":11,"column":23}},"loc":{"start":{"line":11,"column":41},"end":{"line":43,"column":5}},"line":11},"2":{"name":"(anonymous_2)","decl":{"start":{"line":17,"column":32},"end":{"line":17,"column":33}},"loc":{"start":{"line":17,"column":49},"end":{"line":22,"column":13}},"line":17},"3":{"name":"EvaluateWinsAnyWaysLeftToRight","decl":{"start":{"line":56,"column":9},"end":{"line":56,"column":39}},"loc":{"start":{"line":56,"column":56},"end":{"line":80,"column":1}},"line":56}},"branchMap":{"0":{"loc":{"start":{"line":15,"column":8},"end":{"line":41,"column":9}},"type":"if","locations":[{"start":{"line":15,"column":8},"end":{"line":41,"column":9}},{"start":{"line":38,"column":15},"end":{"line":41,"column":9}}],"line":15},"1":{"loc":{"start":{"line":19,"column":16},"end":{"line":21,"column":17}},"type":"if","locations":[{"start":{"line":19,"column":16},"end":{"line":21,"column":17}},{"start":{},"end":{}}],"line":19},"2":{"loc":{"start":{"line":24,"column":12},"end":{"line":37,"column":13}},"type":"if","locations":[{"start":{"line":24,"column":12},"end":{"line":37,"column":13}},{"start":{"line":28,"column":19},"end":{"line":37,"column":13}}],"line":24},"3":{"loc":{"start":{"line":30,"column":16},"end":{"line":34,"column":17}},"type":"if","locations":[{"start":{"line":30,"column":16},"end":{"line":34,"column":17}},{"start":{"line":32,"column":23},"end":{"line":34,"column":17}}],"line":30},"4":{"loc":{"start":{"line":62,"column":8},"end":{"line":76,"column":9}},"type":"if","locations":[{"start":{"line":62,"column":8},"end":{"line":76,"column":9}},{"start":{},"end":{}}],"line":62},"5":{"loc":{"start":{"line":66,"column":12},"end":{"line":75,"column":13}},"type":"if","locations":[{"start":{"line":66,"column":12},"end":{"line":75,"column":13}},{"start":{},"end":{}}],"line":66},"6":{"loc":{"start":{"line":70,"column":16},"end":{"line":74,"column":17}},"type":"if","locations":[{"start":{"line":70,"column":16},"end":{"line":74,"column":17}},{"start":{},"end":{}}],"line":70}},"s":{"0":1,"1":180,"2":180,"3":180,"4":180,"5":180,"6":900,"7":900,"8":900,"9":310,"10":930,"11":930,"12":207,"13":310,"14":165,"15":165,"16":145,"17":54,"18":91,"19":145,"20":590,"21":900,"22":180,"23":30,"24":30,"25":210,"26":180,"27":180,"28":180,"29":54,"30":54,"31":54,"32":26,"33":26,"34":26,"35":30,"36":1},"f":{"0":180,"1":900,"2":930,"3":30},"b":{"0":[310,590],"1":[207,723],"2":[165,145],"3":[54,91],"4":[180,30],"5":[54,126],"6":[26,28]},"_coverageSchema":"1a1c01bbd47fc00a2c39e90264f33305004495a9","hash":"7f2bef31e9356e730abd1bce7dd681aa5443bca8"}
}
