TN:
SF:src\backends\evaluate-wins-any-ways-left-to-right.js
FN:5,findSymbolWin
FN:11,(anonymous_1)
FN:17,(anonymous_2)
FN:56,EvaluateWinsAnyWaysLeftToRight
FNF:4
FNH:4
FNDA:180,findSymbolWin
FNDA:900,(anonymous_1)
FNDA:930,(anonymous_2)
FNDA:30,EvaluateWinsAnyWaysLeftToRight
DA:2,1
DA:6,180
DA:7,180
DA:8,180
DA:9,180
DA:11,180
DA:12,900
DA:13,900
DA:15,900
DA:17,310
DA:18,930
DA:19,930
DA:20,207
DA:24,310
DA:26,165
DA:27,165
DA:30,145
DA:31,54
DA:33,91
DA:35,145
DA:40,590
DA:42,900
DA:45,180
DA:57,30
DA:59,30
DA:62,210
DA:63,180
DA:64,180
DA:66,180
DA:67,54
DA:68,54
DA:70,54
DA:71,26
DA:72,26
DA:73,26
DA:79,30
DA:83,1
LF:37
LH:37
BRDA:15,0,0,310
BRDA:15,0,1,590
BRDA:19,1,0,207
BRDA:19,1,1,723
BRDA:24,2,0,165
BRDA:24,2,1,145
BRDA:30,3,0,54
BRDA:30,3,1,91
BRDA:62,4,0,180
BRDA:62,4,1,30
BRDA:66,5,0,54
BRDA:66,5,1,126
BRDA:70,6,0,26
BRDA:70,6,1,28
BRF:14
BRH:14
end_of_record
